<?xml version="1.0" encoding="UTF-8"?>
<!-- Generated by org.testng.reporters.JUnitReportReporter -->
<testsuite hostname="Lenovo-PC" name="by.htp.practice.pages.GooglePageTest" tests="2" failures="0" timestamp="5 Jan 2017 21:55:09 GMT" time="5.843" errors="0">
  <testcase name="testSearchPage" time="3.219" classname="by.htp.practice.pages.GooglePageTest"/>
  <testcase name="testResultPage" time="2.624" classname="by.htp.practice.pages.GooglePageTest"/>
</testsuite> <!-- by.htp.practice.pages.GooglePageTest -->
