<?xml version="1.0" encoding="UTF-8"?>
<!-- Generated by org.testng.reporters.JUnitReportReporter -->
<testsuite hostname="Lenovo-PC" name="by.htp.practice.pages.ITAcademyPageTest" tests="4" failures="0" timestamp="5 Jan 2017 21:55:09 GMT" time="20.976" errors="0">
  <testcase name="testWhoToLearnMenu" time="3.458" classname="by.htp.practice.pages.ITAcademyPageTest"/>
  <testcase name="testCareerSubmenu" time="3.034" classname="by.htp.practice.pages.ITAcademyPageTest"/>
  <testcase name="testMarketingPage" time="4.440" classname="by.htp.practice.pages.ITAcademyPageTest"/>
  <testcase name="testHomePage" time="10.044" classname="by.htp.practice.pages.ITAcademyPageTest"/>
</testsuite> <!-- by.htp.practice.pages.ITAcademyPageTest -->
