<?xml version="1.0" encoding="UTF-8"?>
<!-- Generated by org.testng.reporters.JUnitReportReporter -->
<testsuite hostname="Lenovo-PC" name="by.htp.practice.pages.TutByPageTest" tests="2" failures="0" timestamp="5 Jan 2017 21:55:09 GMT" time="26.729" errors="0">
  <testcase name="testMainNewsPage" time="9.069" classname="by.htp.practice.pages.TutByPageTest"/>
  <testcase name="testHomePage" time="17.660" classname="by.htp.practice.pages.TutByPageTest"/>
</testsuite> <!-- by.htp.practice.pages.TutByPageTest -->
